  [1m[35m (3.0ms)[0m  [1m[34mSELECT sqlite_version(*)[0m
  [1m[35m (1.7ms)[0m  [1m[35mCREATE TABLE "schema_migrations" ("version" varchar NOT NULL PRIMARY KEY)[0m
  [1m[35m (1.1ms)[0m  [1m[35mCREATE TABLE "ar_internal_metadata" ("key" varchar NOT NULL PRIMARY KEY, "value" varchar, "created_at" datetime(6) NOT NULL, "updated_at" datetime(6) NOT NULL)[0m
  [1m[35m (0.2ms)[0m  [1m[34mSELECT "schema_migrations"."version" FROM "schema_migrations" ORDER BY "schema_migrations"."version" ASC[0m
Migrating to CreateCars (20200422161308)
  [1m[35m (0.1ms)[0m  [1m[36mbegin transaction[0m
  [1m[35m (1.6ms)[0m  [1m[35mCREATE TABLE "cars" ("id" integer PRIMARY KEY AUTOINCREMENT NOT NULL, "make" varchar, "model" varchar, "year" integer, "miles" integer, "price" integer, "used" boolean, "created_at" datetime(6) NOT NULL, "updated_at" datetime(6) NOT NULL)[0m
  [1m[36mprimary::SchemaMigration Create (0.3ms)[0m  [1m[32mINSERT INTO "schema_migrations" ("version") VALUES (?)[0m  [["version", "20200422161308"]]
  [1m[35m (1.4ms)[0m  [1m[36mcommit transaction[0m
Migrating to CreateCustomers (20200422161335)
  [1m[35m (0.2ms)[0m  [1m[36mbegin transaction[0m
  [1m[35m (1.0ms)[0m  [1m[35mCREATE TABLE "customers" ("id" integer PRIMARY KEY AUTOINCREMENT NOT NULL, "name" varchar, "email" varchar, "created_at" datetime(6) NOT NULL, "updated_at" datetime(6) NOT NULL)[0m
  [1m[36mprimary::SchemaMigration Create (0.3ms)[0m  [1m[32mINSERT INTO "schema_migrations" ("version") VALUES (?)[0m  [["version", "20200422161335"]]
  [1m[35m (1.1ms)[0m  [1m[36mcommit transaction[0m
Migrating to CreateFavorites (20200422161355)
  [1m[35m (0.1ms)[0m  [1m[36mbegin transaction[0m
  [1m[35m (1.4ms)[0m  [1m[35mCREATE TABLE "favorites" ("id" integer PRIMARY KEY AUTOINCREMENT NOT NULL, "car_id" integer NOT NULL, "customer_id" integer NOT NULL, "created_at" datetime(6) NOT NULL, "updated_at" datetime(6) NOT NULL, CONSTRAINT "fk_rails_9396eb4f36"
FOREIGN KEY ("car_id")
  REFERENCES "cars" ("id")
, CONSTRAINT "fk_rails_abede7cd6b"
FOREIGN KEY ("customer_id")
  REFERENCES "customers" ("id")
)[0m
  [1m[35m (0.2ms)[0m  [1m[35mCREATE  INDEX "index_favorites_on_car_id" ON "favorites" ("car_id")[0m
  [1m[35m (0.1ms)[0m  [1m[35mCREATE  INDEX "index_favorites_on_customer_id" ON "favorites" ("customer_id")[0m
  [1m[36mprimary::SchemaMigration Create (0.3ms)[0m  [1m[32mINSERT INTO "schema_migrations" ("version") VALUES (?)[0m  [["version", "20200422161355"]]
  [1m[35m (1.0ms)[0m  [1m[36mcommit transaction[0m
Migrating to CreateDealerReviews (20200423140652)
  [1m[35m (0.1ms)[0m  [1m[36mbegin transaction[0m
  [1m[35m (1.2ms)[0m  [1m[35mCREATE TABLE "dealer_reviews" ("id" integer PRIMARY KEY AUTOINCREMENT NOT NULL, "rating" integer, "content" varchar, "created_at" datetime(6) NOT NULL, "updated_at" datetime(6) NOT NULL)[0m
  [1m[36mprimary::SchemaMigration Create (0.2ms)[0m  [1m[32mINSERT INTO "schema_migrations" ("version") VALUES (?)[0m  [["version", "20200423140652"]]
  [1m[35m (0.9ms)[0m  [1m[36mcommit transaction[0m
  [1m[36mActiveRecord::InternalMetadata Load (0.2ms)[0m  [1m[34mSELECT "ar_internal_metadata".* FROM "ar_internal_metadata" WHERE "ar_internal_metadata"."key" = ? LIMIT ?[0m  [["key", "environment"], ["LIMIT", 1]]
  [1m[35m (0.0ms)[0m  [1m[36mbegin transaction[0m
  [1m[36mActiveRecord::InternalMetadata Create (0.4ms)[0m  [1m[32mINSERT INTO "ar_internal_metadata" ("key", "value", "created_at", "updated_at") VALUES (?, ?, ?, ?)[0m  [["key", "environment"], ["value", "development"], ["created_at", "2020-04-23 14:08:41.905551"], ["updated_at", "2020-04-23 14:08:41.905551"]]
  [1m[35m (0.9ms)[0m  [1m[36mcommit transaction[0m
  [1m[35m (0.1ms)[0m  [1m[34mSELECT sqlite_version(*)[0m
  [1m[35m (0.4ms)[0m  [1m[34mSELECT "schema_migrations"."version" FROM "schema_migrations" ORDER BY "schema_migrations"."version" ASC[0m
  [1m[35m (0.8ms)[0m  [1m[34mSELECT sqlite_version(*)[0m
  [1m[35m (0.2ms)[0m  [1m[34mSELECT "schema_migrations"."version" FROM "schema_migrations" ORDER BY "schema_migrations"."version" ASC[0m
  [1m[35m (0.1ms)[0m  [1m[34mSELECT "schema_migrations"."version" FROM "schema_migrations" ORDER BY "schema_migrations"."version" ASC[0m
  [1m[35m (0.1ms)[0m  [1m[34mSELECT "schema_migrations"."version" FROM "schema_migrations" ORDER BY "schema_migrations"."version" ASC[0m
  [1m[35m (0.1ms)[0m  [1m[34mSELECT "schema_migrations"."version" FROM "schema_migrations" ORDER BY "schema_migrations"."version" ASC[0m
Migrating to CreateDealerReviews (20200423140652)
  [1m[35m (0.1ms)[0m  [1m[36mbegin transaction[0m
  [1m[35m (0.6ms)[0m  [1m[35mDROP TABLE "dealer_reviews"[0m
  [1m[36mprimary::SchemaMigration Destroy (0.2ms)[0m  [1m[31mDELETE FROM "schema_migrations" WHERE "schema_migrations"."version" = ?[0m  [["version", "20200423140652"]]
  [1m[35m (0.9ms)[0m  [1m[36mcommit transaction[0m
  [1m[35m (0.1ms)[0m  [1m[34mSELECT sqlite_version(*)[0m
  [1m[35m (0.1ms)[0m  [1m[34mSELECT "schema_migrations"."version" FROM "schema_migrations" ORDER BY "schema_migrations"."version" ASC[0m
  [1m[35m (0.7ms)[0m  [1m[34mSELECT sqlite_version(*)[0m
  [1m[35m (0.2ms)[0m  [1m[34mSELECT "schema_migrations"."version" FROM "schema_migrations" ORDER BY "schema_migrations"."version" ASC[0m
  [1m[35m (0.1ms)[0m  [1m[34mSELECT "schema_migrations"."version" FROM "schema_migrations" ORDER BY "schema_migrations"."version" ASC[0m
  [1m[35m (0.1ms)[0m  [1m[34mSELECT "schema_migrations"."version" FROM "schema_migrations" ORDER BY "schema_migrations"."version" ASC[0m
  [1m[35m (0.1ms)[0m  [1m[34mSELECT "schema_migrations"."version" FROM "schema_migrations" ORDER BY "schema_migrations"."version" ASC[0m
Migrating to CreateFavorites (20200422161355)
  [1m[35m (0.1ms)[0m  [1m[36mbegin transaction[0m
  [1m[35m (0.7ms)[0m  [1m[35mDROP TABLE "favorites"[0m
  [1m[36mprimary::SchemaMigration Destroy (0.2ms)[0m  [1m[31mDELETE FROM "schema_migrations" WHERE "schema_migrations"."version" = ?[0m  [["version", "20200422161355"]]
  [1m[35m (2.5ms)[0m  [1m[36mcommit transaction[0m
  [1m[35m (0.1ms)[0m  [1m[34mSELECT sqlite_version(*)[0m
  [1m[35m (0.1ms)[0m  [1m[34mSELECT "schema_migrations"."version" FROM "schema_migrations" ORDER BY "schema_migrations"."version" ASC[0m
  [1m[35m (0.5ms)[0m  [1m[34mSELECT sqlite_version(*)[0m
  [1m[35m (0.2ms)[0m  [1m[34mSELECT "schema_migrations"."version" FROM "schema_migrations" ORDER BY "schema_migrations"."version" ASC[0m
Migrating to CreateDealerReviews (20200423140652)
  [1m[35m (0.1ms)[0m  [1m[36mbegin transaction[0m
  [1m[35m (0.6ms)[0m  [1m[35mCREATE TABLE "dealer_reviews" ("id" integer PRIMARY KEY AUTOINCREMENT NOT NULL, "rating" integer, "content" varchar, "created_at" datetime(6) NOT NULL, "updated_at" datetime(6) NOT NULL)[0m
  [1m[36mprimary::SchemaMigration Create (0.2ms)[0m  [1m[32mINSERT INTO "schema_migrations" ("version") VALUES (?)[0m  [["version", "20200423140652"]]
  [1m[35m (1.9ms)[0m  [1m[36mcommit transaction[0m
  [1m[36mActiveRecord::InternalMetadata Load (0.2ms)[0m  [1m[34mSELECT "ar_internal_metadata".* FROM "ar_internal_metadata" WHERE "ar_internal_metadata"."key" = ? LIMIT ?[0m  [["key", "environment"], ["LIMIT", 1]]
  [1m[35m (0.1ms)[0m  [1m[34mSELECT sqlite_version(*)[0m
  [1m[35m (0.1ms)[0m  [1m[34mSELECT "schema_migrations"."version" FROM "schema_migrations" ORDER BY "schema_migrations"."version" ASC[0m
  [1m[35m (0.8ms)[0m  [1m[34mSELECT sqlite_version(*)[0m
  [1m[35m (0.3ms)[0m  [1m[34mSELECT "schema_migrations"."version" FROM "schema_migrations" ORDER BY "schema_migrations"."version" ASC[0m
  [1m[35m (0.1ms)[0m  [1m[34mSELECT sqlite_version(*)[0m
  [1m[35m (0.1ms)[0m  [1m[36mbegin transaction[0m
  [1m[36mCar Create (0.5ms)[0m  [1m[32mINSERT INTO "cars" ("make", "model", "year", "miles", "price", "used", "created_at", "updated_at") VALUES (?, ?, ?, ?, ?, ?, ?, ?)[0m  [["make", "Ford"], ["model", "F150"], ["year", 2000], ["miles", 220000], ["price", 20000], ["used", 1], ["created_at", "2020-04-23 14:15:26.013823"], ["updated_at", "2020-04-23 14:15:26.013823"]]
  [1m[35m (0.9ms)[0m  [1m[36mcommit transaction[0m
  [1m[35m (0.1ms)[0m  [1m[36mbegin transaction[0m
  [1m[36mCar Create (0.5ms)[0m  [1m[32mINSERT INTO "cars" ("make", "model", "year", "miles", "price", "used", "created_at", "updated_at") VALUES (?, ?, ?, ?, ?, ?, ?, ?)[0m  [["make", "Chevy"], ["model", "Silverado"], ["year", 2009], ["miles", 250000], ["price", 10000], ["used", 1], ["created_at", "2020-04-23 14:15:26.023065"], ["updated_at", "2020-04-23 14:15:26.023065"]]
  [1m[35m (0.9ms)[0m  [1m[36mcommit transaction[0m
  [1m[35m (0.1ms)[0m  [1m[36mbegin transaction[0m
  [1m[36mCar Create (0.4ms)[0m  [1m[32mINSERT INTO "cars" ("make", "model", "year", "miles", "price", "used", "created_at", "updated_at") VALUES (?, ?, ?, ?, ?, ?, ?, ?)[0m  [["make", "Tesla"], ["model", "Model S"], ["year", 2019], ["miles", 0], ["price", 45000], ["used", 0], ["created_at", "2020-04-23 14:15:26.033268"], ["updated_at", "2020-04-23 14:15:26.033268"]]
  [1m[35m (0.9ms)[0m  [1m[36mcommit transaction[0m
  [1m[35m (0.1ms)[0m  [1m[36mbegin transaction[0m
  [1m[36mCustomer Create (0.6ms)[0m  [1m[32mINSERT INTO "customers" ("name", "email", "created_at", "updated_at") VALUES (?, ?, ?, ?)[0m  [["name", "Felicia"], ["email", "felicia@felicia.com"], ["created_at", "2020-04-23 14:15:26.065411"], ["updated_at", "2020-04-23 14:15:26.065411"]]
  [1m[35m (1.1ms)[0m  [1m[36mcommit transaction[0m
  [1m[35m (0.6ms)[0m  [1m[36mbegin transaction[0m
  [1m[36mDealerReview Create (0.7ms)[0m  [1m[32mINSERT INTO "dealer_reviews" ("rating", "content", "created_at", "updated_at") VALUES (?, ?, ?, ?)[0m  [["rating", 4], ["content", "Great!  Friendly staff and honest as the day is long!"], ["created_at", "2020-04-23 14:15:26.083805"], ["updated_at", "2020-04-23 14:15:26.083805"]]
  [1m[35m (1.1ms)[0m  [1m[36mcommit transaction[0m
  [1m[35m (0.1ms)[0m  [1m[36mbegin transaction[0m
  [1m[36mDealerReview Create (0.4ms)[0m  [1m[32mINSERT INTO "dealer_reviews" ("rating", "content", "created_at", "updated_at") VALUES (?, ?, ?, ?)[0m  [["rating", 1], ["content", "Sleazy! Avoid!"], ["created_at", "2020-04-23 14:15:26.092996"], ["updated_at", "2020-04-23 14:15:26.092996"]]
  [1m[35m (0.8ms)[0m  [1m[36mcommit transaction[0m
  [1m[35m (0.1ms)[0m  [1m[36mbegin transaction[0m
  [1m[36mDealerReview Create (0.5ms)[0m  [1m[32mINSERT INTO "dealer_reviews" ("rating", "content", "created_at", "updated_at") VALUES (?, ?, ?, ?)[0m  [["rating", 3], ["content", "What can I say, not the best car buying experience, but not the worst"], ["created_at", "2020-04-23 14:15:26.097664"], ["updated_at", "2020-04-23 14:15:26.097664"]]
  [1m[35m (0.8ms)[0m  [1m[36mcommit transaction[0m
  [1m[35m (0.4ms)[0m  [1m[34mSELECT sqlite_version(*)[0m
  [1m[35m (0.1ms)[0m  [1m[34mSELECT COUNT(*) FROM "customers"[0m
  [1m[35m (0.2ms)[0m  [1m[34mSELECT COUNT(*) FROM "dealer_reviews"[0m
  [1m[35m (0.3ms)[0m  [1m[34mSELECT COUNT(*) FROM "cars"[0m
Started GET "/" for ::1 at 2020-04-23 10:20:21 -0400
  [1m[35m (1.3ms)[0m  [1m[34mSELECT sqlite_version(*)[0m
  [1m[35m (0.3ms)[0m  [1m[34mSELECT "schema_migrations"."version" FROM "schema_migrations" ORDER BY "schema_migrations"."version" ASC[0m
Processing by Rails::WelcomeController#index as HTML
  Rendering /Users/flatironschool/.rvm/gems/ruby-2.6.1/gems/railties-6.0.2.2/lib/rails/templates/rails/welcome/index.html.erb
  Rendered /Users/flatironschool/.rvm/gems/ruby-2.6.1/gems/railties-6.0.2.2/lib/rails/templates/rails/welcome/index.html.erb (Duration: 45.8ms | Allocations: 480)
Completed 200 OK in 65ms (Views: 53.4ms | ActiveRecord: 0.0ms | Allocations: 2635)


Started GET "/cars" for ::1 at 2020-04-23 10:20:28 -0400
Processing by CarsController#index as HTML
  [1m[36mCar Load (0.3ms)[0m  [1m[34mSELECT "cars".* FROM "cars"[0m
  ↳ app/controllers/cars_controller.rb:8:in `index'
Completed 200 OK in 38ms (Views: 33.0ms | ActiveRecord: 1.8ms | Allocations: 7718)


Started GET "/api/v1/cars" for ::1 at 2020-04-23 10:21:42 -0400
  [1m[35m (0.5ms)[0m  [1m[34mSELECT sqlite_version(*)[0m
  [1m[35m (0.2ms)[0m  [1m[34mSELECT "schema_migrations"."version" FROM "schema_migrations" ORDER BY "schema_migrations"."version" ASC[0m
Processing by Api::V1::CarsController#index as HTML
  [1m[36mCar Load (0.3ms)[0m  [1m[34mSELECT "cars".* FROM "cars"[0m
  ↳ app/controllers/api/v1/cars_controller.rb:8:in `index'
Completed 200 OK in 33ms (Views: 24.3ms | ActiveRecord: 2.8ms | Allocations: 7713)


Started GET "/api/v1/cars" for ::1 at 2020-04-23 10:29:03 -0400
  [1m[35m (0.6ms)[0m  [1m[34mSELECT sqlite_version(*)[0m
  [1m[35m (0.2ms)[0m  [1m[34mSELECT "schema_migrations"."version" FROM "schema_migrations" ORDER BY "schema_migrations"."version" ASC[0m
Processing by Api::V1::CarsController#index as */*
  [1m[36mCar Load (0.2ms)[0m  [1m[34mSELECT "cars".* FROM "cars"[0m
  ↳ app/controllers/api/v1/cars_controller.rb:8:in `index'
Completed 200 OK in 29ms (Views: 25.7ms | ActiveRecord: 0.9ms | Allocations: 7715)


Started GET "/api/v1/cars" for ::1 at 2020-04-23 10:29:35 -0400
Processing by Api::V1::CarsController#index as */*
  [1m[36mCar Load (0.2ms)[0m  [1m[34mSELECT "cars".* FROM "cars"[0m
  ↳ app/controllers/api/v1/cars_controller.rb:8:in `index'
Completed 200 OK in 8ms (Views: 7.1ms | ActiveRecord: 0.2ms | Allocations: 1276)


Started GET "/api/v1/cars" for ::1 at 2020-04-23 10:33:03 -0400
Processing by Api::V1::CarsController#index as */*
  [1m[36mCar Load (0.3ms)[0m  [1m[34mSELECT "cars".* FROM "cars"[0m
  ↳ app/controllers/api/v1/cars_controller.rb:8:in `index'
Completed 200 OK in 8ms (Views: 6.8ms | ActiveRecord: 0.3ms | Allocations: 1277)


Started GET "/api/v1/cars" for ::1 at 2020-04-23 10:34:37 -0400
Processing by Api::V1::CarsController#index as */*
  [1m[36mCar Load (0.2ms)[0m  [1m[34mSELECT "cars".* FROM "cars"[0m
  ↳ app/controllers/api/v1/cars_controller.rb:8:in `index'
Completed 200 OK in 5ms (Views: 4.2ms | ActiveRecord: 0.2ms | Allocations: 1276)


Started GET "/api/v1/cars" for ::1 at 2020-04-23 10:34:41 -0400
Processing by Api::V1::CarsController#index as */*
  [1m[36mCar Load (0.2ms)[0m  [1m[34mSELECT "cars".* FROM "cars"[0m
  ↳ app/controllers/api/v1/cars_controller.rb:8:in `index'
Completed 200 OK in 6ms (Views: 5.4ms | ActiveRecord: 0.2ms | Allocations: 1259)


Started GET "/api/v1/cars" for ::1 at 2020-04-23 10:36:27 -0400
Processing by Api::V1::CarsController#index as */*
  [1m[36mCar Load (0.1ms)[0m  [1m[34mSELECT "cars".* FROM "cars"[0m
  ↳ app/controllers/api/v1/cars_controller.rb:8:in `index'
Completed 200 OK in 12ms (Views: 10.2ms | ActiveRecord: 0.1ms | Allocations: 1259)


Started GET "/api/v1/cars" for ::1 at 2020-04-23 10:41:43 -0400
Processing by Api::V1::CarsController#index as */*
  [1m[36mCar Load (0.2ms)[0m  [1m[34mSELECT "cars".* FROM "cars"[0m
  ↳ app/controllers/api/v1/cars_controller.rb:8:in `index'
Completed 200 OK in 10ms (Views: 9.7ms | ActiveRecord: 0.2ms | Allocations: 1259)


Started GET "/api/v1/cars" for ::1 at 2020-04-23 10:42:00 -0400
Processing by Api::V1::CarsController#index as */*
  [1m[36mCar Load (0.1ms)[0m  [1m[34mSELECT "cars".* FROM "cars"[0m
  ↳ app/controllers/api/v1/cars_controller.rb:8:in `index'
Completed 200 OK in 8ms (Views: 7.3ms | ActiveRecord: 0.1ms | Allocations: 1259)


Started GET "/api/v1/cars" for ::1 at 2020-04-23 10:42:57 -0400
Processing by Api::V1::CarsController#index as */*
  [1m[36mCar Load (0.2ms)[0m  [1m[34mSELECT "cars".* FROM "cars"[0m
  ↳ app/controllers/api/v1/cars_controller.rb:8:in `index'
Completed 200 OK in 7ms (Views: 6.1ms | ActiveRecord: 0.2ms | Allocations: 1259)


Started GET "/api/v1/cars" for ::1 at 2020-04-23 10:43:48 -0400
Processing by Api::V1::CarsController#index as */*
  [1m[36mCar Load (0.3ms)[0m  [1m[34mSELECT "cars".* FROM "cars"[0m
  ↳ app/controllers/api/v1/cars_controller.rb:8:in `index'
Completed 200 OK in 5ms (Views: 4.2ms | ActiveRecord: 0.3ms | Allocations: 1276)


Started GET "/api/v1/cars" for ::1 at 2020-04-23 10:44:12 -0400
Started GET "/api/v1/dealer_reviews" for ::1 at 2020-04-23 10:44:12 -0400
Processing by Api::V1::CarsController#index as */*
  [1m[35m (0.3ms)[0m  [1m[34mSELECT sqlite_version(*)[0m
  [1m[36mCar Load (0.3ms)[0m  [1m[34mSELECT "cars".* FROM "cars"[0m
  ↳ app/controllers/api/v1/cars_controller.rb:8:in `index'
Completed 200 OK in 7ms (Views: 6.7ms | ActiveRecord: 0.3ms | Allocations: 2306)


Processing by Api::V1::DealerReviewsController#index as */*
  [1m[36mDealerReview Load (0.3ms)[0m  [1m[34mSELECT "dealer_reviews".* FROM "dealer_reviews"[0m
  ↳ app/controllers/api/v1/dealer_reviews_controller.rb:8:in `index'
Completed 200 OK in 103ms (Views: 96.3ms | ActiveRecord: 1.5ms | Allocations: 4682)


Started GET "/api/v1/cars" for ::1 at 2020-04-23 10:45:05 -0400
Started GET "/api/v1/dealer_reviews" for ::1 at 2020-04-23 10:45:05 -0400
Processing by Api::V1::CarsController#index as */*
Processing by Api::V1::DealerReviewsController#index as */*
  [1m[36mCar Load (0.2ms)[0m  [1m[34mSELECT "cars".* FROM "cars"[0m
  [1m[36mDealerReview Load (0.3ms)[0m  [1m[34mSELECT "dealer_reviews".* FROM "dealer_reviews"[0m
  ↳ app/controllers/api/v1/cars_controller.rb:8:in `index'
  ↳ app/controllers/api/v1/dealer_reviews_controller.rb:8:in `index'
Completed 200 OK in 6ms (Views: 5.2ms | ActiveRecord: 0.2ms | Allocations: 2020)


Completed 200 OK in 6ms (Views: 5.2ms | ActiveRecord: 0.3ms | Allocations: 2312)


Started GET "/api/v1/cars" for ::1 at 2020-04-23 10:47:52 -0400
Started GET "/api/v1/dealer_reviews" for ::1 at 2020-04-23 10:47:52 -0400
Processing by Api::V1::CarsController#index as */*
  [1m[36mCar Load (0.2ms)[0m  [1m[34mSELECT "cars".* FROM "cars"[0m
Processing by Api::V1::DealerReviewsController#index as */*
  ↳ app/controllers/api/v1/cars_controller.rb:8:in `index'
  [1m[36mDealerReview Load (0.2ms)[0m  [1m[34mSELECT "dealer_reviews".* FROM "dealer_reviews"[0m
Completed 200 OK in 5ms (Views: 4.7ms | ActiveRecord: 0.2ms | Allocations: 1712)


  ↳ app/controllers/api/v1/dealer_reviews_controller.rb:8:in `index'
Completed 200 OK in 6ms (Views: 4.9ms | ActiveRecord: 0.2ms | Allocations: 1908)


Started GET "/api/v1/cars" for ::1 at 2020-04-23 10:48:42 -0400
Processing by Api::V1::CarsController#index as */*
  [1m[36mCar Load (0.3ms)[0m  [1m[34mSELECT "cars".* FROM "cars"[0m
  ↳ app/controllers/api/v1/cars_controller.rb:8:in `index'
Completed 200 OK in 4ms (Views: 3.6ms | ActiveRecord: 0.3ms | Allocations: 1269)


Started GET "/api/v1/dealer_reviews" for ::1 at 2020-04-23 10:48:42 -0400
Processing by Api::V1::DealerReviewsController#index as */*
  [1m[36mDealerReview Load (0.2ms)[0m  [1m[34mSELECT "dealer_reviews".* FROM "dealer_reviews"[0m
  ↳ app/controllers/api/v1/dealer_reviews_controller.rb:8:in `index'
Completed 200 OK in 3ms (Views: 2.2ms | ActiveRecord: 0.2ms | Allocations: 1143)


Started GET "/api/v1/cars" for ::1 at 2020-04-23 10:50:20 -0400
Processing by Api::V1::CarsController#index as */*
  [1m[36mCar Load (0.2ms)[0m  [1m[34mSELECT "cars".* FROM "cars"[0m
  ↳ app/controllers/api/v1/cars_controller.rb:8:in `index'
Started GET "/api/v1/dealer_reviews" for ::1 at 2020-04-23 10:50:20 -0400
Completed 200 OK in 5ms (Views: 4.1ms | ActiveRecord: 0.2ms | Allocations: 1593)


Processing by Api::V1::DealerReviewsController#index as */*
  [1m[36mDealerReview Load (0.2ms)[0m  [1m[34mSELECT "dealer_reviews".* FROM "dealer_reviews"[0m
  ↳ app/controllers/api/v1/dealer_reviews_controller.rb:8:in `index'
Completed 200 OK in 4ms (Views: 2.9ms | ActiveRecord: 0.2ms | Allocations: 1143)


Started GET "/api/v1/cars" for ::1 at 2020-04-23 10:50:54 -0400
Processing by Api::V1::CarsController#index as */*
  [1m[36mCar Load (0.3ms)[0m  [1m[34mSELECT "cars".* FROM "cars"[0m
  ↳ app/controllers/api/v1/cars_controller.rb:8:in `index'
Completed 200 OK in 5ms (Views: 4.2ms | ActiveRecord: 0.3ms | Allocations: 1259)


Started GET "/api/v1/dealer_reviews" for ::1 at 2020-04-23 10:50:54 -0400
Processing by Api::V1::DealerReviewsController#index as */*
  [1m[36mDealerReview Load (0.2ms)[0m  [1m[34mSELECT "dealer_reviews".* FROM "dealer_reviews"[0m
  ↳ app/controllers/api/v1/dealer_reviews_controller.rb:8:in `index'
Completed 200 OK in 3ms (Views: 2.2ms | ActiveRecord: 0.2ms | Allocations: 1143)


Started GET "/static/js/bundle.js.map" for ::1 at 2020-04-23 10:52:20 -0400
Started GET "/static/js/main.chunk.js.map" for ::1 at 2020-04-23 10:52:20 -0400
  
ActionController::RoutingError (No route matches [GET] "/static/js/bundle.js.map"):
  
actionpack (6.0.2.2) lib/action_dispatch/middleware/debug_exceptions.rb:36:in `call'
actionpack (6.0.2.2) lib/action_dispatch/middleware/show_exceptions.rb:33:in `call'
railties (6.0.2.2) lib/rails/rack/logger.rb:38:in `call_app'
railties (6.0.2.2) lib/rails/rack/logger.rb:26:in `block in call'
activesupport (6.0.2.2) lib/active_support/tagged_logging.rb:80:in `block in tagged'
activesupport (6.0.2.2) lib/active_support/tagged_logging.rb:28:in `tagged'
activesupport (6.0.2.2) lib/active_support/tagged_logging.rb:80:in `tagged'
railties (6.0.2.2) lib/rails/rack/logger.rb:26:in `call'
actionpack (6.0.2.2) lib/action_dispatch/middleware/remote_ip.rb:81:in `call'
actionpack (6.0.2.2) lib/action_dispatch/middleware/request_id.rb:27:in `call'
rack (2.2.2) lib/rack/runtime.rb:22:in `call'
activesupport (6.0.2.2) lib/active_support/cache/strategy/local_cache_middleware.rb:29:in `call'
actionpack (6.0.2.2) lib/action_dispatch/middleware/executor.rb:14:in `call'
actionpack (6.0.2.2) lib/action_dispatch/middleware/static.rb:126:in `call'
rack (2.2.2) lib/rack/sendfile.rb:110:in `call'
actionpack (6.0.2.2) lib/action_dispatch/middleware/host_authorization.rb:83:in `call'
rack-cors (1.1.1) lib/rack/cors.rb:100:in `call'
railties (6.0.2.2) lib/rails/engine.rb:526:in `call'
puma (4.3.3) lib/puma/configuration.rb:228:in `call'
puma (4.3.3) lib/puma/server.rb:682:in `handle_request'
puma (4.3.3) lib/puma/server.rb:472:in `process_client'
puma (4.3.3) lib/puma/server.rb:328:in `block in run'
puma (4.3.3) lib/puma/thread_pool.rb:134:in `block in spawn_thread'
Started GET "/static/js/0.chunk.js.map" for ::1 at 2020-04-23 10:52:20 -0400
  
ActionController::RoutingError (No route matches [GET] "/static/js/main.chunk.js.map"):
  
actionpack (6.0.2.2) lib/action_dispatch/middleware/debug_exceptions.rb:36:in `call'
actionpack (6.0.2.2) lib/action_dispatch/middleware/show_exceptions.rb:33:in `call'
railties (6.0.2.2) lib/rails/rack/logger.rb:38:in `call_app'
railties (6.0.2.2) lib/rails/rack/logger.rb:26:in `block in call'
activesupport (6.0.2.2) lib/active_support/tagged_logging.rb:80:in `block in tagged'
activesupport (6.0.2.2) lib/active_support/tagged_logging.rb:28:in `tagged'
activesupport (6.0.2.2) lib/active_support/tagged_logging.rb:80:in `tagged'
railties (6.0.2.2) lib/rails/rack/logger.rb:26:in `call'
actionpack (6.0.2.2) lib/action_dispatch/middleware/remote_ip.rb:81:in `call'
actionpack (6.0.2.2) lib/action_dispatch/middleware/request_id.rb:27:in `call'
rack (2.2.2) lib/rack/runtime.rb:22:in `call'
activesupport (6.0.2.2) lib/active_support/cache/strategy/local_cache_middleware.rb:29:in `call'
actionpack (6.0.2.2) lib/action_dispatch/middleware/executor.rb:14:in `call'
actionpack (6.0.2.2) lib/action_dispatch/middleware/static.rb:126:in `call'
rack (2.2.2) lib/rack/sendfile.rb:110:in `call'
actionpack (6.0.2.2) lib/action_dispatch/middleware/host_authorization.rb:83:in `call'
rack-cors (1.1.1) lib/rack/cors.rb:100:in `call'
railties (6.0.2.2) lib/rails/engine.rb:526:in `call'
puma (4.3.3) lib/puma/configuration.rb:228:in `call'
puma (4.3.3) lib/puma/server.rb:682:in `handle_request'
puma (4.3.3) lib/puma/server.rb:472:in `process_client'
puma (4.3.3) lib/puma/server.rb:328:in `block in run'
puma (4.3.3) lib/puma/thread_pool.rb:134:in `block in spawn_thread'
  [1m[35m (0.1ms)[0m  [1m[34mSELECT sqlite_version(*)[0m
  
ActionController::RoutingError (No route matches [GET] "/static/js/0.chunk.js.map"):
  
actionpack (6.0.2.2) lib/action_dispatch/middleware/debug_exceptions.rb:36:in `call'
actionpack (6.0.2.2) lib/action_dispatch/middleware/show_exceptions.rb:33:in `call'
railties (6.0.2.2) lib/rails/rack/logger.rb:38:in `call_app'
railties (6.0.2.2) lib/rails/rack/logger.rb:26:in `block in call'
activesupport (6.0.2.2) lib/active_support/tagged_logging.rb:80:in `block in tagged'
activesupport (6.0.2.2) lib/active_support/tagged_logging.rb:28:in `tagged'
activesupport (6.0.2.2) lib/active_support/tagged_logging.rb:80:in `tagged'
railties (6.0.2.2) lib/rails/rack/logger.rb:26:in `call'
actionpack (6.0.2.2) lib/action_dispatch/middleware/remote_ip.rb:81:in `call'
actionpack (6.0.2.2) lib/action_dispatch/middleware/request_id.rb:27:in `call'
rack (2.2.2) lib/rack/runtime.rb:22:in `call'
activesupport (6.0.2.2) lib/active_support/cache/strategy/local_cache_middleware.rb:29:in `call'
actionpack (6.0.2.2) lib/action_dispatch/middleware/executor.rb:14:in `call'
actionpack (6.0.2.2) lib/action_dispatch/middleware/static.rb:126:in `call'
rack (2.2.2) lib/rack/sendfile.rb:110:in `call'
actionpack (6.0.2.2) lib/action_dispatch/middleware/host_authorization.rb:83:in `call'
rack-cors (1.1.1) lib/rack/cors.rb:100:in `call'
railties (6.0.2.2) lib/rails/engine.rb:526:in `call'
puma (4.3.3) lib/puma/configuration.rb:228:in `call'
puma (4.3.3) lib/puma/server.rb:682:in `handle_request'
puma (4.3.3) lib/puma/server.rb:472:in `process_client'
puma (4.3.3) lib/puma/server.rb:328:in `block in run'
puma (4.3.3) lib/puma/thread_pool.rb:134:in `block in spawn_thread'
Started GET "/api/v1/cars" for ::1 at 2020-04-23 10:52:35 -0400
Processing by Api::V1::CarsController#index as */*
  [1m[36mCar Load (0.2ms)[0m  [1m[34mSELECT "cars".* FROM "cars"[0m
  ↳ app/controllers/api/v1/cars_controller.rb:8:in `index'
Completed 200 OK in 3ms (Views: 2.6ms | ActiveRecord: 0.2ms | Allocations: 1294)


Started GET "/api/v1/dealer_reviews" for ::1 at 2020-04-23 10:52:35 -0400
Processing by Api::V1::DealerReviewsController#index as */*
  [1m[36mDealerReview Load (0.2ms)[0m  [1m[34mSELECT "dealer_reviews".* FROM "dealer_reviews"[0m
  ↳ app/controllers/api/v1/dealer_reviews_controller.rb:8:in `index'
Completed 200 OK in 3ms (Views: 2.5ms | ActiveRecord: 0.2ms | Allocations: 1143)


Started GET "/api/v1/cars" for ::1 at 2020-04-23 10:52:35 -0400
Processing by Api::V1::CarsController#index as */*
  [1m[36mCar Load (0.2ms)[0m  [1m[34mSELECT "cars".* FROM "cars"[0m
  ↳ app/controllers/api/v1/cars_controller.rb:8:in `index'
Completed 200 OK in 3ms (Views: 2.5ms | ActiveRecord: 0.2ms | Allocations: 1259)


Started GET "/api/v1/dealer_reviews" for ::1 at 2020-04-23 10:52:35 -0400
Processing by Api::V1::DealerReviewsController#index as */*
  [1m[36mDealerReview Load (0.3ms)[0m  [1m[34mSELECT "dealer_reviews".* FROM "dealer_reviews"[0m
  ↳ app/controllers/api/v1/dealer_reviews_controller.rb:8:in `index'
Completed 200 OK in 3ms (Views: 2.6ms | ActiveRecord: 0.3ms | Allocations: 1143)


Started GET "/api/v1/cars" for ::1 at 2020-04-23 10:57:37 -0400
Started GET "/api/v1/dealer_reviews" for ::1 at 2020-04-23 10:57:37 -0400
Processing by Api::V1::CarsController#index as */*
Processing by Api::V1::DealerReviewsController#index as */*
  [1m[36mCar Load (0.3ms)[0m  [1m[34mSELECT "cars".* FROM "cars"[0m
  [1m[36mDealerReview Load (0.3ms)[0m  [1m[34mSELECT "dealer_reviews".* FROM "dealer_reviews"[0m
  ↳ app/controllers/api/v1/cars_controller.rb:8:in `index'
  ↳ app/controllers/api/v1/dealer_reviews_controller.rb:8:in `index'
Completed 200 OK in 6ms (Views: 5.2ms | ActiveRecord: 0.3ms | Allocations: 2001)


Completed 200 OK in 6ms (Views: 5.2ms | ActiveRecord: 0.3ms | Allocations: 2315)


Started GET "/api/v1/cars" for ::1 at 2020-04-23 10:57:38 -0400
Processing by Api::V1::CarsController#index as */*
  [1m[36mCar Load (0.3ms)[0m  [1m[34mSELECT "cars".* FROM "cars"[0m
Started GET "/api/v1/dealer_reviews" for ::1 at 2020-04-23 10:57:38 -0400
  ↳ app/controllers/api/v1/cars_controller.rb:8:in `index'
Completed 200 OK in 4ms (Views: 2.9ms | ActiveRecord: 0.3ms | Allocations: 1481)


Processing by Api::V1::DealerReviewsController#index as */*
  [1m[36mDealerReview Load (0.2ms)[0m  [1m[34mSELECT "dealer_reviews".* FROM "dealer_reviews"[0m
  ↳ app/controllers/api/v1/dealer_reviews_controller.rb:8:in `index'
Completed 200 OK in 3ms (Views: 2.5ms | ActiveRecord: 0.2ms | Allocations: 1143)


Started GET "/" for ::1 at 2020-04-23 11:08:04 -0400
  [1m[35m (2.3ms)[0m  [1m[34mSELECT sqlite_version(*)[0m
  [1m[35m (0.4ms)[0m  [1m[34mSELECT "schema_migrations"."version" FROM "schema_migrations" ORDER BY "schema_migrations"."version" ASC[0m
Processing by Rails::WelcomeController#index as HTML
  Rendering /Users/flatironschool/.rvm/gems/ruby-2.6.1/gems/railties-6.0.2.2/lib/rails/templates/rails/welcome/index.html.erb
  Rendered /Users/flatironschool/.rvm/gems/ruby-2.6.1/gems/railties-6.0.2.2/lib/rails/templates/rails/welcome/index.html.erb (Duration: 31.9ms | Allocations: 315)
Completed 200 OK in 65ms (Views: 56.7ms | ActiveRecord: 0.0ms | Allocations: 1596)


Started GET "/favicon.ico" for ::1 at 2020-04-23 11:08:06 -0400
  
ActionController::RoutingError (No route matches [GET] "/favicon.ico"):
  
actionpack (6.0.2.2) lib/action_dispatch/middleware/debug_exceptions.rb:36:in `call'
actionpack (6.0.2.2) lib/action_dispatch/middleware/show_exceptions.rb:33:in `call'
railties (6.0.2.2) lib/rails/rack/logger.rb:38:in `call_app'
railties (6.0.2.2) lib/rails/rack/logger.rb:26:in `block in call'
activesupport (6.0.2.2) lib/active_support/tagged_logging.rb:80:in `block in tagged'
activesupport (6.0.2.2) lib/active_support/tagged_logging.rb:28:in `tagged'
activesupport (6.0.2.2) lib/active_support/tagged_logging.rb:80:in `tagged'
railties (6.0.2.2) lib/rails/rack/logger.rb:26:in `call'
actionpack (6.0.2.2) lib/action_dispatch/middleware/remote_ip.rb:81:in `call'
actionpack (6.0.2.2) lib/action_dispatch/middleware/request_id.rb:27:in `call'
rack (2.2.2) lib/rack/runtime.rb:22:in `call'
activesupport (6.0.2.2) lib/active_support/cache/strategy/local_cache_middleware.rb:29:in `call'
actionpack (6.0.2.2) lib/action_dispatch/middleware/executor.rb:14:in `call'
actionpack (6.0.2.2) lib/action_dispatch/middleware/static.rb:126:in `call'
rack (2.2.2) lib/rack/sendfile.rb:110:in `call'
actionpack (6.0.2.2) lib/action_dispatch/middleware/host_authorization.rb:83:in `call'
rack-cors (1.1.1) lib/rack/cors.rb:100:in `call'
railties (6.0.2.2) lib/rails/engine.rb:526:in `call'
puma (4.3.3) lib/puma/configuration.rb:228:in `call'
puma (4.3.3) lib/puma/server.rb:682:in `handle_request'
puma (4.3.3) lib/puma/server.rb:472:in `process_client'
puma (4.3.3) lib/puma/server.rb:328:in `block in run'
puma (4.3.3) lib/puma/thread_pool.rb:134:in `block in spawn_thread'
Started GET "/api/v1/cars" for ::1 at 2020-04-23 11:08:10 -0400
Processing by Api::V1::CarsController#index as HTML
  [1m[36mCar Load (3.9ms)[0m  [1m[34mSELECT "cars".* FROM "cars"[0m
  ↳ app/controllers/api/v1/cars_controller.rb:8:in `index'
Completed 200 OK in 110ms (Views: 96.5ms | ActiveRecord: 4.8ms | Allocations: 7793)


Started GET "/api/v1/cars" for ::1 at 2020-04-23 11:27:41 -0400
  [1m[35m (0.3ms)[0m  [1m[34mSELECT sqlite_version(*)[0m
Processing by Api::V1::CarsController#index as */*
  [1m[36mCar Load (0.7ms)[0m  [1m[34mSELECT "cars".* FROM "cars"[0m
  ↳ app/controllers/api/v1/cars_controller.rb:8:in `index'
Completed 200 OK in 13ms (Views: 9.1ms | ActiveRecord: 0.7ms | Allocations: 1297)


Started GET "/api/v1/cars" for ::1 at 2020-04-23 11:27:42 -0400
Processing by Api::V1::CarsController#index as */*
  [1m[36mCar Load (0.2ms)[0m  [1m[34mSELECT "cars".* FROM "cars"[0m
  ↳ app/controllers/api/v1/cars_controller.rb:8:in `index'
Completed 200 OK in 3ms (Views: 2.7ms | ActiveRecord: 0.2ms | Allocations: 1259)


Started GET "/api/v1/cars" for ::1 at 2020-04-23 11:28:09 -0400
Processing by Api::V1::CarsController#index as */*
  [1m[36mCar Load (0.2ms)[0m  [1m[34mSELECT "cars".* FROM "cars"[0m
  ↳ app/controllers/api/v1/cars_controller.rb:8:in `index'
Completed 200 OK in 3ms (Views: 2.7ms | ActiveRecord: 0.2ms | Allocations: 1259)


Started GET "/api/v1/cars" for ::1 at 2020-04-23 11:28:10 -0400
Processing by Api::V1::CarsController#index as */*
  [1m[36mCar Load (0.2ms)[0m  [1m[34mSELECT "cars".* FROM "cars"[0m
  ↳ app/controllers/api/v1/cars_controller.rb:8:in `index'
Completed 200 OK in 4ms (Views: 3.3ms | ActiveRecord: 0.2ms | Allocations: 1276)


Started GET "/api/v1/cars" for ::1 at 2020-04-23 11:28:51 -0400
Processing by Api::V1::CarsController#index as */*
  [1m[36mCar Load (0.2ms)[0m  [1m[34mSELECT "cars".* FROM "cars"[0m
  ↳ app/controllers/api/v1/cars_controller.rb:8:in `index'
Completed 200 OK in 4ms (Views: 3.1ms | ActiveRecord: 0.2ms | Allocations: 1259)


Started GET "/api/v1/cars" for ::1 at 2020-04-23 11:28:52 -0400
Processing by Api::V1::CarsController#index as */*
  [1m[36mCar Load (0.2ms)[0m  [1m[34mSELECT "cars".* FROM "cars"[0m
  ↳ app/controllers/api/v1/cars_controller.rb:8:in `index'
Completed 200 OK in 3ms (Views: 2.4ms | ActiveRecord: 0.2ms | Allocations: 1274)


Started GET "/api/v1/cars" for ::1 at 2020-04-23 11:29:23 -0400
Processing by Api::V1::CarsController#index as */*
  [1m[36mCar Load (0.2ms)[0m  [1m[34mSELECT "cars".* FROM "cars"[0m
  ↳ app/controllers/api/v1/cars_controller.rb:8:in `index'
Completed 200 OK in 6ms (Views: 5.6ms | ActiveRecord: 0.2ms | Allocations: 1259)


Started GET "/api/v1/cars" for ::1 at 2020-04-23 11:29:23 -0400
Processing by Api::V1::CarsController#index as */*
  [1m[36mCar Load (3.4ms)[0m  [1m[34mSELECT "cars".* FROM "cars"[0m
  ↳ app/controllers/api/v1/cars_controller.rb:8:in `index'
Completed 200 OK in 7ms (Views: 2.9ms | ActiveRecord: 3.4ms | Allocations: 1259)


Started GET "/api/v1/cars" for ::1 at 2020-04-23 11:30:53 -0400
Processing by Api::V1::CarsController#index as */*
  [1m[36mCar Load (0.2ms)[0m  [1m[34mSELECT "cars".* FROM "cars"[0m
  ↳ app/controllers/api/v1/cars_controller.rb:8:in `index'
Completed 200 OK in 5ms (Views: 4.4ms | ActiveRecord: 0.2ms | Allocations: 1259)


Started GET "/api/v1/cars" for ::1 at 2020-04-23 11:30:53 -0400
Processing by Api::V1::CarsController#index as */*
  [1m[36mCar Load (0.6ms)[0m  [1m[34mSELECT "cars".* FROM "cars"[0m
  ↳ app/controllers/api/v1/cars_controller.rb:8:in `index'
Completed 200 OK in 5ms (Views: 3.5ms | ActiveRecord: 0.6ms | Allocations: 1259)


Started GET "/api/v1/cars" for ::1 at 2020-04-23 11:33:36 -0400
Processing by Api::V1::CarsController#index as */*
  [1m[36mCar Load (0.2ms)[0m  [1m[34mSELECT "cars".* FROM "cars"[0m
  ↳ app/controllers/api/v1/cars_controller.rb:8:in `index'
Completed 200 OK in 5ms (Views: 4.2ms | ActiveRecord: 0.2ms | Allocations: 1259)


Started GET "/api/v1/cars" for ::1 at 2020-04-23 11:33:36 -0400
Processing by Api::V1::CarsController#index as */*
  [1m[36mCar Load (0.2ms)[0m  [1m[34mSELECT "cars".* FROM "cars"[0m
  ↳ app/controllers/api/v1/cars_controller.rb:8:in `index'
Completed 200 OK in 7ms (Views: 6.6ms | ActiveRecord: 0.2ms | Allocations: 1259)


Started GET "/api/v1/cars" for ::1 at 2020-04-23 11:34:52 -0400
Processing by Api::V1::CarsController#index as */*
  [1m[36mCar Load (1.9ms)[0m  [1m[34mSELECT "cars".* FROM "cars"[0m
  ↳ app/controllers/api/v1/cars_controller.rb:8:in `index'
Completed 200 OK in 17ms (Views: 15.0ms | ActiveRecord: 1.9ms | Allocations: 1259)


Started GET "/api/v1/cars" for ::1 at 2020-04-23 11:34:53 -0400
Processing by Api::V1::CarsController#index as */*
  [1m[36mCar Load (0.1ms)[0m  [1m[34mSELECT "cars".* FROM "cars"[0m
  ↳ app/controllers/api/v1/cars_controller.rb:8:in `index'
Completed 200 OK in 3ms (Views: 2.2ms | ActiveRecord: 0.1ms | Allocations: 1259)


Started GET "/api/v1/cars" for ::1 at 2020-04-23 11:38:47 -0400
Processing by Api::V1::CarsController#index as */*
  [1m[36mCar Load (0.2ms)[0m  [1m[34mSELECT "cars".* FROM "cars"[0m
  ↳ app/controllers/api/v1/cars_controller.rb:8:in `index'
Completed 200 OK in 12ms (Views: 11.3ms | ActiveRecord: 0.2ms | Allocations: 1259)


Started GET "/api/v1/cars" for ::1 at 2020-04-23 11:43:42 -0400
Processing by Api::V1::CarsController#index as */*
  [1m[36mCar Load (0.2ms)[0m  [1m[34mSELECT "cars".* FROM "cars"[0m
  ↳ app/controllers/api/v1/cars_controller.rb:8:in `index'
Completed 200 OK in 3ms (Views: 2.2ms | ActiveRecord: 0.2ms | Allocations: 1259)


Started GET "/api/v1/cars" for ::1 at 2020-04-23 11:43:43 -0400
Processing by Api::V1::CarsController#index as */*
  [1m[36mCar Load (0.3ms)[0m  [1m[34mSELECT "cars".* FROM "cars"[0m
  ↳ app/controllers/api/v1/cars_controller.rb:8:in `index'
Completed 200 OK in 5ms (Views: 4.7ms | ActiveRecord: 0.3ms | Allocations: 1259)


Started GET "/api/v1/cars" for ::1 at 2020-04-23 11:43:48 -0400
Processing by Api::V1::CarsController#index as */*
  [1m[36mCar Load (0.2ms)[0m  [1m[34mSELECT "cars".* FROM "cars"[0m
  ↳ app/controllers/api/v1/cars_controller.rb:8:in `index'
Completed 200 OK in 4ms (Views: 3.4ms | ActiveRecord: 0.2ms | Allocations: 1259)


Started GET "/api/v1/cars" for ::1 at 2020-04-23 11:43:52 -0400
Processing by Api::V1::CarsController#index as */*
  [1m[36mCar Load (4.7ms)[0m  [1m[34mSELECT "cars".* FROM "cars"[0m
  ↳ app/controllers/api/v1/cars_controller.rb:8:in `index'
Completed 200 OK in 15ms (Views: 9.2ms | ActiveRecord: 4.7ms | Allocations: 1259)


Started GET "/api/v1/cars" for ::1 at 2020-04-23 11:43:55 -0400
Processing by Api::V1::CarsController#index as */*
  [1m[36mCar Load (0.3ms)[0m  [1m[34mSELECT "cars".* FROM "cars"[0m
  ↳ app/controllers/api/v1/cars_controller.rb:8:in `index'
Completed 200 OK in 14ms (Views: 12.6ms | ActiveRecord: 0.3ms | Allocations: 1259)


Started GET "/api/v1/cars" for ::1 at 2020-04-23 11:43:55 -0400
Processing by Api::V1::CarsController#index as */*
  [1m[36mCar Load (0.2ms)[0m  [1m[34mSELECT "cars".* FROM "cars"[0m
  ↳ app/controllers/api/v1/cars_controller.rb:8:in `index'
Completed 200 OK in 4ms (Views: 3.0ms | ActiveRecord: 0.2ms | Allocations: 1259)


Started GET "/api/v1/cars" for ::1 at 2020-04-23 11:50:48 -0400
  [1m[35m (0.1ms)[0m  [1m[34mSELECT sqlite_version(*)[0m
Processing by Api::V1::CarsController#index as */*
  [1m[36mCar Load (0.6ms)[0m  [1m[34mSELECT "cars".* FROM "cars"[0m
  ↳ app/controllers/api/v1/cars_controller.rb:8:in `index'
Completed 200 OK in 7ms (Views: 6.2ms | ActiveRecord: 0.6ms | Allocations: 1285)


Started GET "/api/v1/dealer_reviews" for ::1 at 2020-04-23 11:50:48 -0400
Processing by Api::V1::DealerReviewsController#index as */*
  [1m[36mDealerReview Load (0.7ms)[0m  [1m[34mSELECT "dealer_reviews".* FROM "dealer_reviews"[0m
  ↳ app/controllers/api/v1/dealer_reviews_controller.rb:8:in `index'
Started GET "/api/v1/cars" for ::1 at 2020-04-23 11:50:48 -0400
  [1m[35m (0.1ms)[0m  [1m[34mSELECT sqlite_version(*)[0m
Processing by Api::V1::CarsController#index as */*
  [1m[36mCar Load (0.4ms)[0m  [1m[34mSELECT "cars".* FROM "cars"[0m
  ↳ app/controllers/api/v1/cars_controller.rb:8:in `index'
Completed 200 OK in 223ms (Views: 216.9ms | ActiveRecord: 2.5ms | Allocations: 7013)


Completed 200 OK in 1970ms (Views: 1969.1ms | ActiveRecord: 0.4ms | Allocations: 1446)


Started GET "/api/v1/dealer_reviews" for ::1 at 2020-04-23 11:50:50 -0400
Processing by Api::V1::DealerReviewsController#index as */*
  [1m[36mDealerReview Load (0.3ms)[0m  [1m[34mSELECT "dealer_reviews".* FROM "dealer_reviews"[0m
  ↳ app/controllers/api/v1/dealer_reviews_controller.rb:8:in `index'
Completed 200 OK in 4ms (Views: 2.7ms | ActiveRecord: 0.3ms | Allocations: 1158)


Started GET "/api/v1/cars" for ::1 at 2020-04-23 11:57:55 -0400
  [1m[35m (0.2ms)[0m  [1m[34mSELECT sqlite_version(*)[0m
Started GET "/api/v1/dealer_reviews" for ::1 at 2020-04-23 11:57:55 -0400
Processing by Api::V1::CarsController#index as */*
  [1m[35m (0.1ms)[0m  [1m[34mSELECT sqlite_version(*)[0m
  [1m[36mCar Load (0.6ms)[0m  [1m[34mSELECT "cars".* FROM "cars"[0m
  ↳ app/controllers/api/v1/cars_controller.rb:8:in `index'
Processing by Api::V1::DealerReviewsController#index as */*
Completed 200 OK in 8ms (Views: 6.8ms | ActiveRecord: 0.6ms | Allocations: 2464)


  [1m[36mDealerReview Load (0.6ms)[0m  [1m[34mSELECT "dealer_reviews".* FROM "dealer_reviews"[0m
  ↳ app/controllers/api/v1/dealer_reviews_controller.rb:8:in `index'
Completed 200 OK in 6ms (Views: 4.6ms | ActiveRecord: 0.6ms | Allocations: 1368)


Started GET "/api/v1/cars" for ::1 at 2020-04-23 11:57:55 -0400
Processing by Api::V1::CarsController#index as */*
  [1m[36mCar Load (1.0ms)[0m  [1m[34mSELECT "cars".* FROM "cars"[0m
Started GET "/api/v1/dealer_reviews" for ::1 at 2020-04-23 11:57:56 -0400
  ↳ app/controllers/api/v1/cars_controller.rb:8:in `index'
Completed 200 OK in 1498ms (Views: 1495.7ms | ActiveRecord: 1.0ms | Allocations: 1656)


Processing by Api::V1::DealerReviewsController#index as */*
  [1m[36mDealerReview Load (0.3ms)[0m  [1m[34mSELECT "dealer_reviews".* FROM "dealer_reviews"[0m
  ↳ app/controllers/api/v1/dealer_reviews_controller.rb:8:in `index'
Completed 200 OK in 6ms (Views: 5.3ms | ActiveRecord: 0.3ms | Allocations: 1158)


Started GET "/api/v1/cars" for ::1 at 2020-04-23 11:58:07 -0400
Processing by Api::V1::CarsController#index as */*
  [1m[36mCar Load (0.2ms)[0m  [1m[34mSELECT "cars".* FROM "cars"[0m
  ↳ app/controllers/api/v1/cars_controller.rb:8:in `index'
Completed 200 OK in 10ms (Views: 9.5ms | ActiveRecord: 0.2ms | Allocations: 1259)


Started GET "/api/v1/dealer_reviews" for ::1 at 2020-04-23 11:58:07 -0400
Processing by Api::V1::DealerReviewsController#index as */*
  [1m[36mDealerReview Load (0.2ms)[0m  [1m[34mSELECT "dealer_reviews".* FROM "dealer_reviews"[0m
  ↳ app/controllers/api/v1/dealer_reviews_controller.rb:8:in `index'
Completed 200 OK in 9ms (Views: 6.7ms | ActiveRecord: 0.2ms | Allocations: 1143)


Started GET "/api/v1/cars" for ::1 at 2020-04-23 11:58:07 -0400
Processing by Api::V1::CarsController#index as */*
  [1m[36mCar Load (0.9ms)[0m  [1m[34mSELECT "cars".* FROM "cars"[0m
  ↳ app/controllers/api/v1/cars_controller.rb:8:in `index'
Completed 200 OK in 10ms (Views: 8.6ms | ActiveRecord: 0.9ms | Allocations: 1259)


Started GET "/api/v1/dealer_reviews" for ::1 at 2020-04-23 11:58:10 -0400
Processing by Api::V1::DealerReviewsController#index as */*
  [1m[36mDealerReview Load (0.2ms)[0m  [1m[34mSELECT "dealer_reviews".* FROM "dealer_reviews"[0m
  ↳ app/controllers/api/v1/dealer_reviews_controller.rb:8:in `index'
Completed 200 OK in 3ms (Views: 2.7ms | ActiveRecord: 0.2ms | Allocations: 1146)


Started GET "/api/v1/cars" for ::1 at 2020-04-23 12:00:18 -0400
Started GET "/api/v1/dealer_reviews" for ::1 at 2020-04-23 12:00:18 -0400
Processing by Api::V1::CarsController#index as */*
  [1m[36mCar Load (0.2ms)[0m  [1m[34mSELECT "cars".* FROM "cars"[0m
  ↳ app/controllers/api/v1/cars_controller.rb:8:in `index'
Processing by Api::V1::DealerReviewsController#index as */*
Completed 200 OK in 14ms (Views: 13.4ms | ActiveRecord: 0.2ms | Allocations: 1688)


  [1m[36mDealerReview Load (0.2ms)[0m  [1m[34mSELECT "dealer_reviews".* FROM "dealer_reviews"[0m
  ↳ app/controllers/api/v1/dealer_reviews_controller.rb:8:in `index'
Completed 200 OK in 5ms (Views: 4.0ms | ActiveRecord: 0.2ms | Allocations: 1332)


Started GET "/api/v1/cars" for ::1 at 2020-04-23 12:00:18 -0400
Processing by Api::V1::CarsController#index as */*
  [1m[36mCar Load (0.2ms)[0m  [1m[34mSELECT "cars".* FROM "cars"[0m
  ↳ app/controllers/api/v1/cars_controller.rb:8:in `index'
Completed 200 OK in 4ms (Views: 3.7ms | ActiveRecord: 0.2ms | Allocations: 1405)


Started GET "/api/v1/dealer_reviews" for ::1 at 2020-04-23 12:00:20 -0400
Processing by Api::V1::DealerReviewsController#index as */*
  [1m[36mDealerReview Load (0.2ms)[0m  [1m[34mSELECT "dealer_reviews".* FROM "dealer_reviews"[0m
  ↳ app/controllers/api/v1/dealer_reviews_controller.rb:8:in `index'
Completed 200 OK in 15ms (Views: 14.2ms | ActiveRecord: 0.2ms | Allocations: 1143)


Started GET "/api/v1/dealer_reviews" for ::1 at 2020-04-23 12:00:59 -0400
Processing by Api::V1::DealerReviewsController#index as */*
  [1m[36mDealerReview Load (0.2ms)[0m  [1m[34mSELECT "dealer_reviews".* FROM "dealer_reviews"[0m
  ↳ app/controllers/api/v1/dealer_reviews_controller.rb:8:in `index'
Completed 200 OK in 6ms (Views: 5.0ms | ActiveRecord: 0.2ms | Allocations: 1166)


Started GET "/api/v1/cars" for ::1 at 2020-04-23 12:00:59 -0400
Processing by Api::V1::CarsController#index as */*
  [1m[36mCar Load (2.2ms)[0m  [1m[34mSELECT "cars".* FROM "cars"[0m
  ↳ app/controllers/api/v1/cars_controller.rb:8:in `index'
Completed 200 OK in 9ms (Views: 6.8ms | ActiveRecord: 2.2ms | Allocations: 1259)


Started GET "/api/v1/cars" for ::1 at 2020-04-23 12:00:59 -0400
Processing by Api::V1::CarsController#index as */*
  [1m[36mCar Load (1.1ms)[0m  [1m[34mSELECT "cars".* FROM "cars"[0m
  ↳ app/controllers/api/v1/cars_controller.rb:8:in `index'
Completed 200 OK in 12ms (Views: 11.1ms | ActiveRecord: 1.1ms | Allocations: 1259)


Started GET "/api/v1/dealer_reviews" for ::1 at 2020-04-23 12:01:01 -0400
Processing by Api::V1::DealerReviewsController#index as */*
  [1m[36mDealerReview Load (0.5ms)[0m  [1m[34mSELECT "dealer_reviews".* FROM "dealer_reviews"[0m
  ↳ app/controllers/api/v1/dealer_reviews_controller.rb:8:in `index'
Completed 200 OK in 4ms (Views: 2.8ms | ActiveRecord: 0.5ms | Allocations: 1143)


Started GET "/api/v1/cars" for ::1 at 2020-04-23 12:02:48 -0400
Processing by Api::V1::CarsController#index as */*
  [1m[36mCar Load (0.3ms)[0m  [1m[34mSELECT "cars".* FROM "cars"[0m
Started GET "/api/v1/dealer_reviews" for ::1 at 2020-04-23 12:02:48 -0400
  ↳ app/controllers/api/v1/cars_controller.rb:8:in `index'
Completed 200 OK in 6ms (Views: 5.3ms | ActiveRecord: 0.3ms | Allocations: 1428)


Processing by Api::V1::DealerReviewsController#index as */*
  [1m[36mDealerReview Load (1.3ms)[0m  [1m[34mSELECT "dealer_reviews".* FROM "dealer_reviews"[0m
  ↳ app/controllers/api/v1/dealer_reviews_controller.rb:8:in `index'
Completed 200 OK in 17ms (Views: 15.0ms | ActiveRecord: 1.3ms | Allocations: 1146)


Started GET "/api/v1/cars" for ::1 at 2020-04-23 12:02:49 -0400
Processing by Api::V1::CarsController#index as */*
  [1m[36mCar Load (0.2ms)[0m  [1m[34mSELECT "cars".* FROM "cars"[0m
  ↳ app/controllers/api/v1/cars_controller.rb:8:in `index'
Completed 200 OK in 6ms (Views: 5.7ms | ActiveRecord: 0.2ms | Allocations: 1259)


Started GET "/api/v1/dealer_reviews" for ::1 at 2020-04-23 12:02:50 -0400
Processing by Api::V1::DealerReviewsController#index as */*
  [1m[36mDealerReview Load (0.2ms)[0m  [1m[34mSELECT "dealer_reviews".* FROM "dealer_reviews"[0m
  ↳ app/controllers/api/v1/dealer_reviews_controller.rb:8:in `index'
Completed 200 OK in 10ms (Views: 5.2ms | ActiveRecord: 0.2ms | Allocations: 1143)


Started GET "/api/v1/cars" for ::1 at 2020-04-23 12:04:50 -0400
Processing by Api::V1::CarsController#index as */*
  [1m[36mCar Load (0.2ms)[0m  [1m[34mSELECT "cars".* FROM "cars"[0m
  ↳ app/controllers/api/v1/cars_controller.rb:8:in `index'
Completed 200 OK in 4ms (Views: 3.4ms | ActiveRecord: 0.2ms | Allocations: 1259)


Started GET "/api/v1/dealer_reviews" for ::1 at 2020-04-23 12:04:50 -0400
Processing by Api::V1::DealerReviewsController#index as */*
  [1m[36mDealerReview Load (0.3ms)[0m  [1m[34mSELECT "dealer_reviews".* FROM "dealer_reviews"[0m
  ↳ app/controllers/api/v1/dealer_reviews_controller.rb:8:in `index'
Completed 200 OK in 5ms (Views: 4.5ms | ActiveRecord: 0.3ms | Allocations: 1143)


Started GET "/api/v1/dealer_reviews" for ::1 at 2020-04-23 12:04:51 -0400
Processing by Api::V1::DealerReviewsController#index as */*
Started GET "/api/v1/cars" for ::1 at 2020-04-23 12:04:51 -0400
  [1m[36mDealerReview Load (0.2ms)[0m  [1m[34mSELECT "dealer_reviews".* FROM "dealer_reviews"[0m
Processing by Api::V1::CarsController#index as */*
  ↳ app/controllers/api/v1/dealer_reviews_controller.rb:8:in `index'
  [1m[36mCar Load (0.2ms)[0m  [1m[34mSELECT "cars".* FROM "cars"[0m
Completed 200 OK in 4101ms (Views: 4100.6ms | ActiveRecord: 0.2ms | Allocations: 1730)


  ↳ app/controllers/api/v1/cars_controller.rb:8:in `index'
Completed 200 OK in 9ms (Views: 8.1ms | ActiveRecord: 0.2ms | Allocations: 1911)


Started GET "/api/v1/cars" for ::1 at 2020-04-23 12:08:33 -0400
Processing by Api::V1::CarsController#index as */*
  [1m[36mCar Load (0.2ms)[0m  [1m[34mSELECT "cars".* FROM "cars"[0m
  ↳ app/controllers/api/v1/cars_controller.rb:8:in `index'
Completed 200 OK in 3ms (Views: 2.7ms | ActiveRecord: 0.2ms | Allocations: 1259)


Started GET "/api/v1/dealer_reviews" for ::1 at 2020-04-23 12:08:33 -0400
Processing by Api::V1::DealerReviewsController#index as */*
  [1m[36mDealerReview Load (0.2ms)[0m  [1m[34mSELECT "dealer_reviews".* FROM "dealer_reviews"[0m
  ↳ app/controllers/api/v1/dealer_reviews_controller.rb:8:in `index'
Completed 200 OK in 3ms (Views: 2.3ms | ActiveRecord: 0.2ms | Allocations: 1143)


Started GET "/api/v1/dealer_reviews" for ::1 at 2020-04-23 12:08:33 -0400
Processing by Api::V1::DealerReviewsController#index as */*
  [1m[36mDealerReview Load (0.2ms)[0m  [1m[34mSELECT "dealer_reviews".* FROM "dealer_reviews"[0m
  ↳ app/controllers/api/v1/dealer_reviews_controller.rb:8:in `index'
Started GET "/api/v1/cars" for ::1 at 2020-04-23 12:08:36 -0400
Completed 200 OK in 3394ms (Views: 3393.8ms | ActiveRecord: 0.2ms | Allocations: 1491)


Processing by Api::V1::CarsController#index as */*
  [1m[36mCar Load (0.2ms)[0m  [1m[34mSELECT "cars".* FROM "cars"[0m
  ↳ app/controllers/api/v1/cars_controller.rb:8:in `index'
Completed 200 OK in 3ms (Views: 2.8ms | ActiveRecord: 0.2ms | Allocations: 1259)


Started GET "/api/v1/cars" for ::1 at 2020-04-23 12:09:45 -0400
Processing by Api::V1::CarsController#index as */*
  [1m[36mCar Load (0.2ms)[0m  [1m[34mSELECT "cars".* FROM "cars"[0m
  ↳ app/controllers/api/v1/cars_controller.rb:8:in `index'
Completed 200 OK in 6ms (Views: 5.6ms | ActiveRecord: 0.2ms | Allocations: 1259)


Started GET "/api/v1/dealer_reviews" for ::1 at 2020-04-23 12:09:45 -0400
Processing by Api::V1::DealerReviewsController#index as */*
  [1m[36mDealerReview Load (0.2ms)[0m  [1m[34mSELECT "dealer_reviews".* FROM "dealer_reviews"[0m
  ↳ app/controllers/api/v1/dealer_reviews_controller.rb:8:in `index'
Completed 200 OK in 9ms (Views: 8.7ms | ActiveRecord: 0.2ms | Allocations: 1143)


Started GET "/api/v1/dealer_reviews" for ::1 at 2020-04-23 12:09:45 -0400
Processing by Api::V1::DealerReviewsController#index as */*
  [1m[36mDealerReview Load (0.2ms)[0m  [1m[34mSELECT "dealer_reviews".* FROM "dealer_reviews"[0m
  ↳ app/controllers/api/v1/dealer_reviews_controller.rb:8:in `index'
Started GET "/api/v1/cars" for ::1 at 2020-04-23 12:09:48 -0400
Completed 200 OK in 2793ms (Views: 2792.7ms | ActiveRecord: 0.2ms | Allocations: 1343)


Processing by Api::V1::CarsController#index as */*
  [1m[36mCar Load (0.3ms)[0m  [1m[34mSELECT "cars".* FROM "cars"[0m
  ↳ app/controllers/api/v1/cars_controller.rb:8:in `index'
Completed 200 OK in 5ms (Views: 3.4ms | ActiveRecord: 0.3ms | Allocations: 1259)


